[0319/172203.168:ERROR:process_memory_win.cc(73)] ReadMemory at 0x7ff62f9f0000 of 64 bytes failed: Only part of a ReadProcessMemory or WriteProcessMemory request was completed. (0x12B)
[0319/172203.690:WARNING:pe_image_reader.cc(302)] could not read dos header from C:\Program Files (x86)\Google\Chrome\Application\chrome.exe
[0319/172203.690:ERROR:process_memory_win.cc(73)] ReadMemory at 0x7ffa75380000 of 64 bytes failed: Only part of a ReadProcessMemory or WriteProcessMemory request was completed. (0x12B)
[0319/172203.691:WARNING:pe_image_reader.cc(302)] could not read dos header from C:\WINDOWS\SYSTEM32\ntdll.dll
[0319/172203.691:ERROR:process_memory_win.cc(73)] ReadMemory at 0x7ffa72f60000 of 64 bytes failed: Only part of a ReadProcessMemory or WriteProcessMemory request was completed. (0x12B)
[0319/172203.885:WARNING:pe_image_reader.cc(302)] could not read dos header from C:\WINDOWS\System32\KERNEL32.DLL
[0319/172203.886:ERROR:process_memory_win.cc(73)] ReadMemory at 0x7ffa71c00000 of 64 bytes failed: Only part of a ReadProcessMemory or WriteProcessMemory request was completed. (0x12B)
[0319/172203.886:WARNING:pe_image_reader.cc(302)] could not read dos header from C:\WINDOWS\System32\KERNELBASE.dll
[0319/172203.886:ERROR:process_memory_win.cc(73)] ReadMemory at 0x7ffa6f370000 of 64 bytes failed: Only part of a ReadProcessMemory or WriteProcessMemory request was completed. (0x12B)
[0319/172203.886:WARNING:pe_image_reader.cc(302)] could not read dos header from C:\WINDOWS\SYSTEM32\apphelp.dll
[0319/172203.886:ERROR:process_memory_win.cc(73)] ReadMemory at 0x7ffa739e0000 of 64 bytes failed: Only part of a ReadProcessMemory or WriteProcessMemory request was completed. (0x12B)
[0319/172203.887:WARNING:pe_image_reader.cc(302)] could not read dos header from C:\WINDOWS\System32\SHELL32.dll
[0319/172203.887:ERROR:process_memory_win.cc(73)] ReadMemory at 0x1b59c3c0000 of 64 bytes failed: Only part of a ReadProcessMemory or WriteProcessMemory request was completed. (0x12B)
[0319/172203.887:WARNING:pe_image_reader.cc(302)] could not read dos header from C:\WINDOWS\System32\msvcrt.dll
[0319/172203.887:ERROR:process_memory_win.cc(73)] ReadMemory at 0x7ffa72360000 of 64 bytes failed: Only part of a ReadProcessMemory or WriteProcessMemory request was completed. (0x12B)
[0319/172203.887:WARNING:pe_image_reader.cc(302)] could not read dos header from C:\WINDOWS\System32\cfgmgr32.dll
[0319/172203.887:ERROR:process_memory_win.cc(73)] ReadMemory at 0x7ffa71f20000 of 64 bytes failed: Only part of a ReadProcessMemory or WriteProcessMemory request was completed. (0x12B)
[0319/172203.887:WARNING:pe_image_reader.cc(302)] could not read dos header from C:\WINDOWS\System32\ucrtbase.dll
[0319/172203.887:ERROR:process_memory_win.cc(73)] ReadMemory at 0x7ffa72bc0000 of 64 bytes failed: Only part of a ReadProcessMemory or WriteProcessMemory request was completed. (0x12B)
[0319/172203.887:WARNING:pe_image_reader.cc(302)] could not read dos header from C:\WINDOWS\System32\shcore.dll
[0319/172203.887:ERROR:process_memory_win.cc(73)] ReadMemory at 0x7ffa738b0000 of 64 bytes failed: Only part of a ReadProcessMemory or WriteProcessMemory request was completed. (0x12B)
[0319/172203.888:WARNING:pe_image_reader.cc(302)] could not read dos header from C:\WINDOWS\System32\RPCRT4.dll
[0319/172203.888:ERROR:process_memory_win.cc(73)] ReadMemory at 0x7ffa727c0000 of 64 bytes failed: Only part of a ReadProcessMemory or WriteProcessMemory request was completed. (0x12B)
[0319/172203.888:WARNING:pe_image_reader.cc(302)] could not read dos header from C:\WINDOWS\System32\combase.dll
[0319/172203.888:ERROR:process_memory_win.cc(73)] ReadMemory at 0x7ffa71ea0000 of 64 bytes failed: Only part of a ReadProcessMemory or WriteProcessMemory request was completed. (0x12B)
[0319/172203.888:WARNING:pe_image_reader.cc(302)] could not read dos header from C:\WINDOWS\System32\bcryptPrimitives.dll
[0319/172203.888:ERROR:process_memory_win.cc(73)] ReadMemory at 0x7ffa71450000 of 64 bytes failed: Only part of a ReadProcessMemory or WriteProcessMemory request was completed. (0x12B)
[0319/172203.888:WARNING:pe_image_reader.cc(302)] could not read dos header from C:\WINDOWS\System32\windows.storage.dll
[0319/172204.055:ERROR:process_memory_win.cc(73)] ReadMemory at 0x7ffa722c0000 of 64 bytes failed: Only part of a ReadProcessMemory or WriteProcessMemory request was completed. (0x12B)
[0319/172204.055:WARNING:pe_image_reader.cc(302)] could not read dos header from C:\WINDOWS\System32\msvcp_win.dll
[0319/172204.055:ERROR:process_memory_win.cc(73)] ReadMemory at 0x7ffa74f80000 of 64 bytes failed: Only part of a ReadProcessMemory or WriteProcessMemory request was completed. (0x12B)
[0319/172204.055:WARNING:pe_image_reader.cc(302)] could not read dos header from C:\WINDOWS\System32\sechost.dll
[0319/172204.055:ERROR:process_memory_win.cc(73)] ReadMemory at 0x7ffa74ed0000 of 64 bytes failed: Only part of a ReadProcessMemory or WriteProcessMemory request was completed. (0x12B)
[0319/172204.055:WARNING:pe_image_reader.cc(302)] could not read dos header from C:\WINDOWS\System32\advapi32.dll
[0319/172204.055:ERROR:process_memory_win.cc(73)] ReadMemory at 0x7ffa713a0000 of 64 bytes failed: Only part of a ReadProcessMemory or WriteProcessMemory request was completed. (0x12B)
[0319/172204.055:WARNING:pe_image_reader.cc(302)] could not read dos header from C:\WINDOWS\System32\profapi.dll
[0319/172204.055:ERROR:process_memory_win.cc(73)] ReadMemory at 0x7ffa713f0000 of 64 bytes failed: Only part of a ReadProcessMemory or WriteProcessMemory request was completed. (0x12B)
[0319/172204.055:WARNING:pe_image_reader.cc(302)] could not read dos header from C:\WINDOWS\System32\powrprof.dll
[0319/172204.055:ERROR:process_memory_win.cc(73)] ReadMemory at 0x7ffa752f0000 of 64 bytes failed: Only part of a ReadProcessMemory or WriteProcessMemory request was completed. (0x12B)
[0319/172204.055:WARNING:pe_image_reader.cc(302)] could not read dos header from C:\WINDOWS\System32\shlwapi.dll
[0319/172204.055:ERROR:process_memory_win.cc(73)] ReadMemory at 0x7ffa730c0000 of 64 bytes failed: Only part of a ReadProcessMemory or WriteProcessMemory request was completed. (0x12B)
[0319/172204.055:WARNING:pe_image_reader.cc(302)] could not read dos header from C:\WINDOWS\System32\GDI32.dll
[0319/172204.055:ERROR:process_memory_win.cc(73)] ReadMemory at 0x7ffa72120000 of 64 bytes failed: Only part of a ReadProcessMemory or WriteProcessMemory request was completed. (0x12B)
[0319/172204.055:WARNING:pe_image_reader.cc(302)] could not read dos header from C:\WINDOWS\System32\gdi32full.dll
[0319/172204.055:ERROR:process_memory_win.cc(73)] ReadMemory at 0x7ffa731c0000 of 64 bytes failed: Only part of a ReadProcessMemory or WriteProcessMemory request was completed. (0x12B)
[0319/172204.055:WARNING:pe_image_reader.cc(302)] could not read dos header from C:\WINDOWS\System32\USER32.dll
[0319/172204.055:ERROR:process_memory_win.cc(73)] ReadMemory at 0x7ffa72050000 of 64 bytes failed: Only part of a ReadProcessMemory or WriteProcessMemory request was completed. (0x12B)
[0319/172204.055:WARNING:pe_image_reader.cc(302)] could not read dos header from C:\WINDOWS\System32\win32u.dll
[0319/172204.055:ERROR:process_memory_win.cc(73)] ReadMemory at 0x7ffa71380000 of 64 bytes failed: Only part of a ReadProcessMemory or WriteProcessMemory request was completed. (0x12B)
[0319/172204.055:WARNING:pe_image_reader.cc(302)] could not read dos header from C:\WINDOWS\System32\kernel.appcore.dll
[0319/172204.056:ERROR:process_memory_win.cc(73)] ReadMemory at 0x7ffa723b0000 of 64 bytes failed: Only part of a ReadProcessMemory or WriteProcessMemory request was completed. (0x12B)
[0319/172204.056:WARNING:pe_image_reader.cc(302)] could not read dos header from C:\WINDOWS\System32\cryptsp.dll
[0319/172204.056:ERROR:process_memory_win.cc(73)] ReadMemory at 0x7ffa75040000 of 64 bytes failed: Only part of a ReadProcessMemory or WriteProcessMemory request was completed. (0x12B)
[0319/172204.056:WARNING:pe_image_reader.cc(302)] could not read dos header from C:\WINDOWS\System32\PSAPI.DLL
[0319/172204.056:ERROR:process_memory_win.cc(73)] ReadMemory at 0x7ffa2c010000 of 64 bytes failed: Only part of a ReadProcessMemory or WriteProcessMemory request was completed. (0x12B)
[0319/172204.056:WARNING:pe_image_reader.cc(302)] could not read dos header from C:\Program Files (x86)\Google\Chrome\Application\72.0.3626.121\chrome_elf.dll
[0319/172204.056:ERROR:process_memory_win.cc(73)] ReadMemory at 0x7ffa6b4b0000 of 64 bytes failed: Only part of a ReadProcessMemory or WriteProcessMemory request was completed. (0x12B)
[0319/172204.056:WARNING:pe_image_reader.cc(302)] could not read dos header from C:\WINDOWS\SYSTEM32\VERSION.dll
[0319/172204.056:ERROR:process_memory_win.cc(73)] ReadMemory at 0x7ffa6a3b0000 of 64 bytes failed: Only part of a ReadProcessMemory or WriteProcessMemory request was completed. (0x12B)
[0319/172204.056:WARNING:pe_image_reader.cc(302)] could not read dos header from C:\WINDOWS\SYSTEM32\WINMM.dll
[0319/172204.056:ERROR:process_memory_win.cc(73)] ReadMemory at 0x7ffa71280000 of 64 bytes failed: Only part of a ReadProcessMemory or WriteProcessMemory request was completed. (0x12B)
[0319/172204.056:WARNING:pe_image_reader.cc(302)] could not read dos header from C:\WINDOWS\SYSTEM32\USERENV.dll
[0319/172204.056:ERROR:process_memory_win.cc(73)] ReadMemory at 0x7ffa6a0b0000 of 64 bytes failed: Only part of a ReadProcessMemory or WriteProcessMemory request was completed. (0x12B)
[0319/172204.056:WARNING:pe_image_reader.cc(302)] could not read dos header from C:\WINDOWS\SYSTEM32\WINMMBASE.dll
[0319/172204.056:ERROR:process_memory_win.cc(73)] ReadMemory at 0x7ffa70d70000 of 64 bytes failed: Only part of a ReadProcessMemory or WriteProcessMemory request was completed. (0x12B)
[0319/172204.056:WARNING:pe_image_reader.cc(302)] could not read dos header from C:\WINDOWS\SYSTEM32\CRYPTBASE.DLL
[0319/172204.056:ERROR:process_memory_win.cc(73)] ReadMemory at 0x7ffa73370000 of 64 bytes failed: Only part of a ReadProcessMemory or WriteProcessMemory request was completed. (0x12B)
[0319/172204.056:WARNING:pe_image_reader.cc(302)] could not read dos header from C:\WINDOWS\System32\IMM32.DLL
[0319/172204.056:ERROR:process_memory_win.cc(73)] ReadMemory at 0x7ffa2c6e0000 of 64 bytes failed: Only part of a ReadProcessMemory or WriteProcessMemory request was completed. (0x12B)
[0319/172204.056:WARNING:pe_image_reader.cc(302)] could not read dos header from C:\Program Files (x86)\Google\Chrome\Application\72.0.3626.121\chrome_child.dll
[0319/172204.056:ERROR:process_memory_win.cc(73)] ReadMemory at 0x7ffa73150000 of 64 bytes failed: Only part of a ReadProcessMemory or WriteProcessMemory request was completed. (0x12B)
[0319/172204.056:WARNING:pe_image_reader.cc(302)] could not read dos header from C:\WINDOWS\System32\WS2_32.dll
[0319/172204.056:ERROR:process_memory_win.cc(73)] ReadMemory at 0x7ffa72c70000 of 64 bytes failed: Only part of a ReadProcessMemory or WriteProcessMemory request was completed. (0x12B)
[0319/172204.056:WARNING:pe_image_reader.cc(302)] could not read dos header from C:\WINDOWS\System32\ole32.dll
[0319/172204.056:ERROR:process_memory_win.cc(73)] ReadMemory at 0x7ffa72af0000 of 64 bytes failed: Only part of a ReadProcessMemory or WriteProcessMemory request was completed. (0x12B)
[0319/172204.056:WARNING:pe_image_reader.cc(302)] could not read dos header from C:\WINDOWS\System32\OLEAUT32.dll
[0319/172204.056:ERROR:process_memory_win.cc(73)] ReadMemory at 0x7ffa71ba0000 of 64 bytes failed: Only part of a ReadProcessMemory or WriteProcessMemory request was completed. (0x12B)
[0319/172204.056:WARNING:pe_image_reader.cc(302)] could not read dos header from C:\WINDOWS\System32\WINTRUST.dll
[0319/172204.056:ERROR:process_memory_win.cc(73)] ReadMemory at 0x7ffa713d0000 of 64 bytes failed: Only part of a ReadProcessMemory or WriteProcessMemory request was completed. (0x12B)
[0319/172204.056:WARNING:pe_image_reader.cc(302)] could not read dos header from C:\WINDOWS\System32\MSASN1.dll
[0319/172204.057:ERROR:process_memory_win.cc(73)] ReadMemory at 0x7ffa723d0000 of 64 bytes failed: Only part of a ReadProcessMemory or WriteProcessMemory request was completed. (0x12B)
[0319/172204.057:WARNING:pe_image_reader.cc(302)] could not read dos header from C:\WINDOWS\System32\CRYPT32.dll
[0319/172204.057:ERROR:process_memory_win.cc(73)] ReadMemory at 0x7ffa751c0000 of 64 bytes failed: Only part of a ReadProcessMemory or WriteProcessMemory request was completed. (0x12B)
[0319/172204.057:WARNING:pe_image_reader.cc(302)] could not read dos header from C:\WINDOWS\System32\COMDLG32.dll
[0319/172204.057:ERROR:process_memory_win.cc(73)] ReadMemory at 0x7ffa70900000 of 64 bytes failed: Only part of a ReadProcessMemory or WriteProcessMemory request was completed. (0x12B)
[0319/172204.057:WARNING:pe_image_reader.cc(302)] could not read dos header from C:\WINDOWS\SYSTEM32\IPHLPAPI.DLL
[0319/172204.057:ERROR:process_memory_win.cc(73)] ReadMemory at 0x7ffa6d030000 of 64 bytes failed: Only part of a ReadProcessMemory or WriteProcessMemory request was completed. (0x12B)
[0319/172204.057:WARNING:pe_image_reader.cc(302)] could not read dos header from C:\WINDOWS\SYSTEM32\OLEACC.dll
[0319/172204.057:ERROR:process_memory_win.cc(73)] ReadMemory at 0x7ffa514f0000 of 64 bytes failed: Only part of a ReadProcessMemory or WriteProcessMemory request was completed. (0x12B)
[0319/172204.057:WARNING:pe_image_reader.cc(302)] could not read dos header from C:\WINDOWS\SYSTEM32\DWrite.dll
[0319/172204.057:ERROR:process_memory_win.cc(73)] ReadMemory at 0x7ffa701d0000 of 64 bytes failed: Only part of a ReadProcessMemory or WriteProcessMemory request was completed. (0x12B)
[0319/172204.057:WARNING:pe_image_reader.cc(302)] could not read dos header from C:\WINDOWS\SYSTEM32\dxgi.dll
[0319/172204.057:ERROR:process_memory_win.cc(73)] ReadMemory at 0x7ffa6b330000 of 64 bytes failed: Only part of a ReadProcessMemory or WriteProcessMemory request was completed. (0x12B)
[0319/172204.057:WARNING:pe_image_reader.cc(302)] could not read dos header from C:\WINDOWS\SYSTEM32\WINSPOOL.DRV
[0319/172204.057:ERROR:process_memory_win.cc(73)] ReadMemory at 0x7ffa72020000 of 64 bytes failed: Only part of a ReadProcessMemory or WriteProcessMemory request was completed. (0x12B)
[0319/172204.057:WARNING:pe_image_reader.cc(302)] could not read dos header from C:\WINDOWS\System32\bcrypt.dll
[0319/172204.057:ERROR:process_memory_win.cc(73)] ReadMemory at 0x7ffa6a9f0000 of 64 bytes failed: Only part of a ReadProcessMemory or WriteProcessMemory request was completed. (0x12B)
[0319/172204.057:WARNING:pe_image_reader.cc(302)] could not read dos header from C:\WINDOWS\SYSTEM32\dbghelp.dll
[0319/172204.057:ERROR:process_memory_win.cc(73)] ReadMemory at 0x7ffa43410000 of 64 bytes failed: Only part of a ReadProcessMemory or WriteProcessMemory request was completed. (0x12B)
[0319/172204.057:WARNING:pe_image_reader.cc(302)] could not read dos header from C:\WINDOWS\SYSTEM32\USP10.dll
[0319/172204.057:ERROR:process_memory_win.cc(73)] ReadMemory at 0x7ffa698d0000 of 64 bytes failed: Only part of a ReadProcessMemory or WriteProcessMemory request was completed. (0x12B)
[0319/172204.057:WARNING:pe_image_reader.cc(302)] could not read dos header from C:\WINDOWS\WinSxS\amd64_microsoft.windows.common-controls_6595b64144ccf1df_6.0.17763.379_none_05b83be8071c94a1\COMCTL32.dll
[0319/172204.057:ERROR:process_memory_win.cc(73)] ReadMemory at 0x7ffa6cc60000 of 64 bytes failed: Only part of a ReadProcessMemory or WriteProcessMemory request was completed. (0x12B)
[0319/172204.057:WARNING:pe_image_reader.cc(302)] could not read dos header from C:\WINDOWS\SYSTEM32\WINHTTP.dll
[0319/172204.057:ERROR:process_memory_win.cc(73)] ReadMemory at 0x7ffa6b700000 of 64 bytes failed: Only part of a ReadProcessMemory or WriteProcessMemory request was completed. (0x12B)
[0319/172204.057:WARNING:pe_image_reader.cc(302)] could not read dos header from C:\WINDOWS\SYSTEM32\urlmon.dll
[0319/172204.057:ERROR:process_memory_win.cc(73)] ReadMemory at 0x7ffa662d0000 of 64 bytes failed: Only part of a ReadProcessMemory or WriteProcessMemory request was completed. (0x12B)
[0319/172204.057:WARNING:pe_image_reader.cc(302)] could not read dos header from C:\WINDOWS\SYSTEM32\Secur32.dll
[0319/172204.057:ERROR:process_memory_win.cc(73)] ReadMemory at 0x7ffa6c570000 of 64 bytes failed: Only part of a ReadProcessMemory or WriteProcessMemory request was completed. (0x12B)
[0319/172204.209:WARNING:pe_image_reader.cc(302)] could not read dos header from C:\WINDOWS\SYSTEM32\dhcpcsvc.DLL
[0319/172204.209:ERROR:process_memory_win.cc(73)] ReadMemory at 0x1b59c1e0000 of 64 bytes failed: Only part of a ReadProcessMemory or WriteProcessMemory request was completed. (0x12B)
[0319/172204.209:WARNING:pe_image_reader.cc(302)] could not read dos header from C:\WINDOWS\System32\NSI.dll
[0319/172204.209:ERROR:process_memory_win.cc(73)] ReadMemory at 0x7ffa6fe90000 of 64 bytes failed: Only part of a ReadProcessMemory or WriteProcessMemory request was completed. (0x12B)
[0319/172204.209:WARNING:pe_image_reader.cc(302)] could not read dos header from C:\WINDOWS\SYSTEM32\PROPSYS.dll
[0319/172204.209:ERROR:process_memory_win.cc(73)] ReadMemory at 0x7ffa67540000 of 64 bytes failed: Only part of a ReadProcessMemory or WriteProcessMemory request was completed. (0x12B)
[0319/172204.210:WARNING:pe_image_reader.cc(302)] could not read dos header from C:\WINDOWS\SYSTEM32\iertutil.dll
[0319/172204.210:ERROR:process_memory_win.cc(73)] ReadMemory at 0x7ffa712b0000 of 64 bytes failed: Only part of a ReadProcessMemory or WriteProcessMemory request was completed. (0x12B)
[0319/172204.210:WARNING:pe_image_reader.cc(302)] could not read dos header from C:\WINDOWS\SYSTEM32\SSPICLI.DLL
[0319/172204.261:ERROR:process_memory_win.cc(73)] ReadMemory at 0x7ff62f9f0000 of 64 bytes failed: Only part of a ReadProcessMemory or WriteProcessMemory request was completed. (0x12B)
[0319/172204.261:WARNING:pe_image_reader.cc(302)] could not read dos header from C:\Program Files (x86)\Google\Chrome\Application\chrome.exe
[0319/172204.261:ERROR:process_memory_win.cc(73)] ReadMemory at 0x7ffa75380000 of 64 bytes failed: Only part of a ReadProcessMemory or WriteProcessMemory request was completed. (0x12B)
[0319/172204.261:WARNING:pe_image_reader.cc(302)] could not read dos header from C:\WINDOWS\SYSTEM32\ntdll.dll
[0319/172204.261:ERROR:process_memory_win.cc(73)] ReadMemory at 0x7ffa72f60000 of 64 bytes failed: Only part of a ReadProcessMemory or WriteProcessMemory request was completed. (0x12B)
[0319/172204.261:WARNING:pe_image_reader.cc(302)] could not read dos header from C:\WINDOWS\System32\KERNEL32.DLL
[0319/172204.261:ERROR:process_memory_win.cc(73)] ReadMemory at 0x7ffa71c00000 of 64 bytes failed: Only part of a ReadProcessMemory or WriteProcessMemory request was completed. (0x12B)
[0319/172204.261:WARNING:pe_image_reader.cc(302)] could not read dos header from C:\WINDOWS\System32\KERNELBASE.dll
[0319/172204.261:ERROR:process_memory_win.cc(73)] ReadMemory at 0x7ffa6f370000 of 64 bytes failed: Only part of a ReadProcessMemory or WriteProcessMemory request was completed. (0x12B)
[0319/172204.261:WARNING:pe_image_reader.cc(302)] could not read dos header from C:\WINDOWS\SYSTEM32\apphelp.dll
[0319/172204.261:ERROR:process_memory_win.cc(73)] ReadMemory at 0x7ffa739e0000 of 64 bytes failed: Only part of a ReadProcessMemory or WriteProcessMemory request was completed. (0x12B)
[0319/172204.261:WARNING:pe_image_reader.cc(302)] could not read dos header from C:\WINDOWS\System32\SHELL32.dll
[0319/172204.261:ERROR:process_memory_win.cc(73)] ReadMemory at 0x1b59c3c0000 of 64 bytes failed: Only part of a ReadProcessMemory or WriteProcessMemory request was completed. (0x12B)
[0319/172204.261:WARNING:pe_image_reader.cc(302)] could not read dos header from C:\WINDOWS\System32\msvcrt.dll
[0319/172204.261:ERROR:process_memory_win.cc(73)] ReadMemory at 0x7ffa72360000 of 64 bytes failed: Only part of a ReadProcessMemory or WriteProcessMemory request was completed. (0x12B)
[0319/172204.261:WARNING:pe_image_reader.cc(302)] could not read dos header from C:\WINDOWS\System32\cfgmgr32.dll
[0319/172204.261:ERROR:process_memory_win.cc(73)] ReadMemory at 0x7ffa71f20000 of 64 bytes failed: Only part of a ReadProcessMemory or WriteProcessMemory request was completed. (0x12B)
[0319/172204.261:WARNING:pe_image_reader.cc(302)] could not read dos header from C:\WINDOWS\System32\ucrtbase.dll
[0319/172204.261:ERROR:process_memory_win.cc(73)] ReadMemory at 0x7ffa72bc0000 of 64 bytes failed: Only part of a ReadProcessMemory or WriteProcessMemory request was completed. (0x12B)
[0319/172204.261:WARNING:pe_image_reader.cc(302)] could not read dos header from C:\WINDOWS\System32\shcore.dll
[0319/172204.261:ERROR:process_memory_win.cc(73)] ReadMemory at 0x7ffa738b0000 of 64 bytes failed: Only part of a ReadProcessMemory or WriteProcessMemory request was completed. (0x12B)
[0319/172204.261:WARNING:pe_image_reader.cc(302)] could not read dos header from C:\WINDOWS\System32\RPCRT4.dll
[0319/172204.261:ERROR:process_memory_win.cc(73)] ReadMemory at 0x7ffa727c0000 of 64 bytes failed: Only part of a ReadProcessMemory or WriteProcessMemory request was completed. (0x12B)
[0319/172204.261:WARNING:pe_image_reader.cc(302)] could not read dos header from C:\WINDOWS\System32\combase.dll
[0319/172204.261:ERROR:process_memory_win.cc(73)] ReadMemory at 0x7ffa71ea0000 of 64 bytes failed: Only part of a ReadProcessMemory or WriteProcessMemory request was completed. (0x12B)
[0319/172204.261:WARNING:pe_image_reader.cc(302)] could not read dos header from C:\WINDOWS\System32\bcryptPrimitives.dll
[0319/172204.262:ERROR:process_memory_win.cc(73)] ReadMemory at 0x7ffa71450000 of 64 bytes failed: Only part of a ReadProcessMemory or WriteProcessMemory request was completed. (0x12B)
[0319/172204.262:WARNING:pe_image_reader.cc(302)] could not read dos header from C:\WINDOWS\System32\windows.storage.dll
[0319/172204.262:ERROR:process_memory_win.cc(73)] ReadMemory at 0x7ffa722c0000 of 64 bytes failed: Only part of a ReadProcessMemory or WriteProcessMemory request was completed. (0x12B)
[0319/172204.262:WARNING:pe_image_reader.cc(302)] could not read dos header from C:\WINDOWS\System32\msvcp_win.dll
[0319/172204.262:ERROR:process_memory_win.cc(73)] ReadMemory at 0x7ffa74f80000 of 64 bytes failed: Only part of a ReadProcessMemory or WriteProcessMemory request was completed. (0x12B)
[0319/172204.262:WARNING:pe_image_reader.cc(302)] could not read dos header from C:\WINDOWS\System32\sechost.dll
[0319/172204.262:ERROR:process_memory_win.cc(73)] ReadMemory at 0x7ffa74ed0000 of 64 bytes failed: Only part of a ReadProcessMemory or WriteProcessMemory request was completed. (0x12B)
[0319/172204.262:WARNING:pe_image_reader.cc(302)] could not read dos header from C:\WINDOWS\System32\advapi32.dll
[0319/172204.262:ERROR:process_memory_win.cc(73)] ReadMemory at 0x7ffa713a0000 of 64 bytes failed: Only part of a ReadProcessMemory or WriteProcessMemory request was completed. (0x12B)
[0319/172204.262:WARNING:pe_image_reader.cc(302)] could not read dos header from C:\WINDOWS\System32\profapi.dll
[0319/172204.262:ERROR:process_memory_win.cc(73)] ReadMemory at 0x7ffa713f0000 of 64 bytes failed: Only part of a ReadProcessMemory or WriteProcessMemory request was completed. (0x12B)
[0319/172204.262:WARNING:pe_image_reader.cc(302)] could not read dos header from C:\WINDOWS\System32\powrprof.dll
[0319/172204.262:ERROR:process_memory_win.cc(73)] ReadMemory at 0x7ffa752f0000 of 64 bytes failed: Only part of a ReadProcessMemory or WriteProcessMemory request was completed. (0x12B)
[0319/172204.262:WARNING:pe_image_reader.cc(302)] could not read dos header from C:\WINDOWS\System32\shlwapi.dll
[0319/172204.262:ERROR:process_memory_win.cc(73)] ReadMemory at 0x7ffa730c0000 of 64 bytes failed: Only part of a ReadProcessMemory or WriteProcessMemory request was completed. (0x12B)
[0319/172204.262:WARNING:pe_image_reader.cc(302)] could not read dos header from C:\WINDOWS\System32\GDI32.dll
[0319/172204.262:ERROR:process_memory_win.cc(73)] ReadMemory at 0x7ffa72120000 of 64 bytes failed: Only part of a ReadProcessMemory or WriteProcessMemory request was completed. (0x12B)
[0319/172204.262:WARNING:pe_image_reader.cc(302)] could not read dos header from C:\WINDOWS\System32\gdi32full.dll
[0319/172204.262:ERROR:process_memory_win.cc(73)] ReadMemory at 0x7ffa731c0000 of 64 bytes failed: Only part of a ReadProcessMemory or WriteProcessMemory request was completed. (0x12B)
[0319/172204.262:WARNING:pe_image_reader.cc(302)] could not read dos header from C:\WINDOWS\System32\USER32.dll
[0319/172204.262:ERROR:process_memory_win.cc(73)] ReadMemory at 0x7ffa72050000 of 64 bytes failed: Only part of a ReadProcessMemory or WriteProcessMemory request was completed. (0x12B)
[0319/172204.262:WARNING:pe_image_reader.cc(302)] could not read dos header from C:\WINDOWS\System32\win32u.dll
[0319/172204.262:ERROR:process_memory_win.cc(73)] ReadMemory at 0x7ffa71380000 of 64 bytes failed: Only part of a ReadProcessMemory or WriteProcessMemory request was completed. (0x12B)
[0319/172204.262:WARNING:pe_image_reader.cc(302)] could not read dos header from C:\WINDOWS\System32\kernel.appcore.dll
[0319/172204.262:ERROR:process_memory_win.cc(73)] ReadMemory at 0x7ffa723b0000 of 64 bytes failed: Only part of a ReadProcessMemory or WriteProcessMemory request was completed. (0x12B)
[0319/172204.262:WARNING:pe_image_reader.cc(302)] could not read dos header from C:\WINDOWS\System32\cryptsp.dll
[0319/172204.262:ERROR:process_memory_win.cc(73)] ReadMemory at 0x7ffa75040000 of 64 bytes failed: Only part of a ReadProcessMemory or WriteProcessMemory request was completed. (0x12B)
[0319/172204.262:WARNING:pe_image_reader.cc(302)] could not read dos header from C:\WINDOWS\System32\PSAPI.DLL
[0319/172204.262:ERROR:process_memory_win.cc(73)] ReadMemory at 0x7ffa2c010000 of 64 bytes failed: Only part of a ReadProcessMemory or WriteProcessMemory request was completed. (0x12B)
[0319/172204.262:WARNING:pe_image_reader.cc(302)] could not read dos header from C:\Program Files (x86)\Google\Chrome\Application\72.0.3626.121\chrome_elf.dll
[0319/172204.262:ERROR:process_memory_win.cc(73)] ReadMemory at 0x7ffa6b4b0000 of 64 bytes failed: Only part of a ReadProcessMemory or WriteProcessMemory request was completed. (0x12B)
[0319/172204.262:WARNING:pe_image_reader.cc(302)] could not read dos header from C:\WINDOWS\SYSTEM32\VERSION.dll
[0319/172204.263:ERROR:process_memory_win.cc(73)] ReadMemory at 0x7ffa6a3b0000 of 64 bytes failed: Only part of a ReadProcessMemory or WriteProcessMemory request was completed. (0x12B)
[0319/172204.263:WARNING:pe_image_reader.cc(302)] could not read dos header from C:\WINDOWS\SYSTEM32\WINMM.dll
[0319/172204.263:ERROR:process_memory_win.cc(73)] ReadMemory at 0x7ffa71280000 of 64 bytes failed: Only part of a ReadProcessMemory or WriteProcessMemory request was completed. (0x12B)
[0319/172204.263:WARNING:pe_image_reader.cc(302)] could not read dos header from C:\WINDOWS\SYSTEM32\USERENV.dll
[0319/172204.263:ERROR:process_memory_win.cc(73)] ReadMemory at 0x7ffa6a0b0000 of 64 bytes failed: Only part of a ReadProcessMemory or WriteProcessMemory request was completed. (0x12B)
[0319/172204.263:WARNING:pe_image_reader.cc(302)] could not read dos header from C:\WINDOWS\SYSTEM32\WINMMBASE.dll
[0319/172204.263:ERROR:process_memory_win.cc(73)] ReadMemory at 0x7ffa70d70000 of 64 bytes failed: Only part of a ReadProcessMemory or WriteProcessMemory request was completed. (0x12B)
[0319/172204.263:WARNING:pe_image_reader.cc(302)] could not read dos header from C:\WINDOWS\SYSTEM32\CRYPTBASE.DLL
[0319/172204.263:ERROR:process_memory_win.cc(73)] ReadMemory at 0x7ffa73370000 of 64 bytes failed: Only part of a ReadProcessMemory or WriteProcessMemory request was completed. (0x12B)
[0319/172204.263:WARNING:pe_image_reader.cc(302)] could not read dos header from C:\WINDOWS\System32\IMM32.DLL
[0319/172204.263:ERROR:process_memory_win.cc(73)] ReadMemory at 0x7ffa2c6e0000 of 64 bytes failed: Only part of a ReadProcessMemory or WriteProcessMemory request was completed. (0x12B)
[0319/172204.263:WARNING:pe_image_reader.cc(302)] could not read dos header from C:\Program Files (x86)\Google\Chrome\Application\72.0.3626.121\chrome_child.dll
[0319/172204.263:ERROR:process_memory_win.cc(73)] ReadMemory at 0x7ffa73150000 of 64 bytes failed: Only part of a ReadProcessMemory or WriteProcessMemory request was completed. (0x12B)
[0319/172204.263:WARNING:pe_image_reader.cc(302)] could not read dos header from C:\WINDOWS\System32\WS2_32.dll
[0319/172204.263:ERROR:process_memory_win.cc(73)] ReadMemory at 0x7ffa72c70000 of 64 bytes failed: Only part of a ReadProcessMemory or WriteProcessMemory request was completed. (0x12B)
[0319/172204.263:WARNING:pe_image_reader.cc(302)] could not read dos header from C:\WINDOWS\System32\ole32.dll
[0319/172204.263:ERROR:process_memory_win.cc(73)] ReadMemory at 0x7ffa72af0000 of 64 bytes failed: Only part of a ReadProcessMemory or WriteProcessMemory request was completed. (0x12B)
[0319/172204.263:WARNING:pe_image_reader.cc(302)] could not read dos header from C:\WINDOWS\System32\OLEAUT32.dll
[0319/172204.263:ERROR:process_memory_win.cc(73)] ReadMemory at 0x7ffa71ba0000 of 64 bytes failed: Only part of a ReadProcessMemory or WriteProcessMemory request was completed. (0x12B)
[0319/172204.263:WARNING:pe_image_reader.cc(302)] could not read dos header from C:\WINDOWS\System32\WINTRUST.dll
[0319/172204.263:ERROR:process_memory_win.cc(73)] ReadMemory at 0x7ffa713d0000 of 64 bytes failed: Only part of a ReadProcessMemory or WriteProcessMemory request was completed. (0x12B)
[0319/172204.263:WARNING:pe_image_reader.cc(302)] could not read dos header from C:\WINDOWS\System32\MSASN1.dll
[0319/172204.263:ERROR:process_memory_win.cc(73)] ReadMemory at 0x7ffa723d0000 of 64 bytes failed: Only part of a ReadProcessMemory or WriteProcessMemory request was completed. (0x12B)
[0319/172204.263:WARNING:pe_image_reader.cc(302)] could not read dos header from C:\WINDOWS\System32\CRYPT32.dll
[0319/172204.263:ERROR:process_memory_win.cc(73)] ReadMemory at 0x7ffa751c0000 of 64 bytes failed: Only part of a ReadProcessMemory or WriteProcessMemory request was completed. (0x12B)
[0319/172204.263:WARNING:pe_image_reader.cc(302)] could not read dos header from C:\WINDOWS\System32\COMDLG32.dll
[0319/172204.263:ERROR:process_memory_win.cc(73)] ReadMemory at 0x7ffa70900000 of 64 bytes failed: Only part of a ReadProcessMemory or WriteProcessMemory request was completed. (0x12B)
[0319/172204.263:WARNING:pe_image_reader.cc(302)] could not read dos header from C:\WINDOWS\SYSTEM32\IPHLPAPI.DLL
[0319/172204.263:ERROR:process_memory_win.cc(73)] ReadMemory at 0x7ffa6d030000 of 64 bytes failed: Only part of a ReadProcessMemory or WriteProcessMemory request was completed. (0x12B)
[0319/172204.263:WARNING:pe_image_reader.cc(302)] could not read dos header from C:\WINDOWS\SYSTEM32\OLEACC.dll
[0319/172204.263:ERROR:process_memory_win.cc(73)] ReadMemory at 0x7ffa514f0000 of 64 bytes failed: Only part of a ReadProcessMemory or WriteProcessMemory request was completed. (0x12B)
[0319/172204.263:WARNING:pe_image_reader.cc(302)] could not read dos header from C:\WINDOWS\SYSTEM32\DWrite.dll
[0319/172204.264:ERROR:process_memory_win.cc(73)] ReadMemory at 0x7ffa701d0000 of 64 bytes failed: Only part of a ReadProcessMemory or WriteProcessMemory request was completed. (0x12B)
[0319/172204.264:WARNING:pe_image_reader.cc(302)] could not read dos header from C:\WINDOWS\SYSTEM32\dxgi.dll
[0319/172204.264:ERROR:process_memory_win.cc(73)] ReadMemory at 0x7ffa6b330000 of 64 bytes failed: Only part of a ReadProcessMemory or WriteProcessMemory request was completed. (0x12B)
[0319/172204.264:WARNING:pe_image_reader.cc(302)] could not read dos header from C:\WINDOWS\SYSTEM32\WINSPOOL.DRV
[0319/172204.264:ERROR:process_memory_win.cc(73)] ReadMemory at 0x7ffa72020000 of 64 bytes failed: Only part of a ReadProcessMemory or WriteProcessMemory request was completed. (0x12B)
[0319/172204.264:WARNING:pe_image_reader.cc(302)] could not read dos header from C:\WINDOWS\System32\bcrypt.dll
[0319/172204.264:ERROR:process_memory_win.cc(73)] ReadMemory at 0x7ffa6a9f0000 of 64 bytes failed: Only part of a ReadProcessMemory or WriteProcessMemory request was completed. (0x12B)
[0319/172204.264:WARNING:pe_image_reader.cc(302)] could not read dos header from C:\WINDOWS\SYSTEM32\dbghelp.dll
[0319/172204.264:ERROR:process_memory_win.cc(73)] ReadMemory at 0x7ffa43410000 of 64 bytes failed: Only part of a ReadProcessMemory or WriteProcessMemory request was completed. (0x12B)
[0319/172204.264:WARNING:pe_image_reader.cc(302)] could not read dos header from C:\WINDOWS\SYSTEM32\USP10.dll
[0319/172204.451:ERROR:process_memory_win.cc(73)] ReadMemory at 0x7ffa698d0000 of 64 bytes failed: Only part of a ReadProcessMemory or WriteProcessMemory request was completed. (0x12B)
[0319/172204.451:WARNING:pe_image_reader.cc(302)] could not read dos header from C:\WINDOWS\WinSxS\amd64_microsoft.windows.common-controls_6595b64144ccf1df_6.0.17763.379_none_05b83be8071c94a1\COMCTL32.dll
[0319/172204.451:ERROR:process_memory_win.cc(73)] ReadMemory at 0x7ffa6cc60000 of 64 bytes failed: Only part of a ReadProcessMemory or WriteProcessMemory request was completed. (0x12B)
[0319/172204.451:WARNING:pe_image_reader.cc(302)] could not read dos header from C:\WINDOWS\SYSTEM32\WINHTTP.dll
[0319/172204.451:ERROR:process_memory_win.cc(73)] ReadMemory at 0x7ffa6b700000 of 64 bytes failed: Only part of a ReadProcessMemory or WriteProcessMemory request was completed. (0x12B)
[0319/172204.451:WARNING:pe_image_reader.cc(302)] could not read dos header from C:\WINDOWS\SYSTEM32\urlmon.dll
[0319/172204.451:ERROR:process_memory_win.cc(73)] ReadMemory at 0x7ffa662d0000 of 64 bytes failed: Only part of a ReadProcessMemory or WriteProcessMemory request was completed. (0x12B)
[0319/172204.451:WARNING:pe_image_reader.cc(302)] could not read dos header from C:\WINDOWS\SYSTEM32\Secur32.dll
[0319/172204.451:ERROR:process_memory_win.cc(73)] ReadMemory at 0x7ffa6c570000 of 64 bytes failed: Only part of a ReadProcessMemory or WriteProcessMemory request was completed. (0x12B)
[0319/172204.451:WARNING:pe_image_reader.cc(302)] could not read dos header from C:\WINDOWS\SYSTEM32\dhcpcsvc.DLL
[0319/172204.451:ERROR:process_memory_win.cc(73)] ReadMemory at 0x1b59c1e0000 of 64 bytes failed: Only part of a ReadProcessMemory or WriteProcessMemory request was completed. (0x12B)
[0319/172204.451:WARNING:pe_image_reader.cc(302)] could not read dos header from C:\WINDOWS\System32\NSI.dll
[0319/172204.451:ERROR:process_memory_win.cc(73)] ReadMemory at 0x7ffa6fe90000 of 64 bytes failed: Only part of a ReadProcessMemory or WriteProcessMemory request was completed. (0x12B)
[0319/172204.451:WARNING:pe_image_reader.cc(302)] could not read dos header from C:\WINDOWS\SYSTEM32\PROPSYS.dll
[0319/172204.451:ERROR:process_memory_win.cc(73)] ReadMemory at 0x7ffa67540000 of 64 bytes failed: Only part of a ReadProcessMemory or WriteProcessMemory request was completed. (0x12B)
[0319/172204.451:WARNING:pe_image_reader.cc(302)] could not read dos header from C:\WINDOWS\SYSTEM32\iertutil.dll
[0319/172204.451:ERROR:process_memory_win.cc(73)] ReadMemory at 0x7ffa712b0000 of 64 bytes failed: Only part of a ReadProcessMemory or WriteProcessMemory request was completed. (0x12B)
[0319/172204.451:WARNING:pe_image_reader.cc(302)] could not read dos header from C:\WINDOWS\SYSTEM32\SSPICLI.DLL
[0319/172204.495:ERROR:process_memory_win.cc(73)] ReadMemory at 0x767d5ec000 of 81920 bytes failed: Only part of a ReadProcessMemory or WriteProcessMemory request was completed. (0x12B)
[0319/172204.495:ERROR:process_memory_win.cc(73)] ReadMemory at 0x767d7fe000 of 8192 bytes failed: Only part of a ReadProcessMemory or WriteProcessMemory request was completed. (0x12B)
[0319/172204.495:ERROR:process_memory_win.cc(73)] ReadMemory at 0x767ddfe000 of 8192 bytes failed: Only part of a ReadProcessMemory or WriteProcessMemory request was completed. (0x12B)
[0319/172204.495:ERROR:process_memory_win.cc(73)] ReadMemory at 0x767dffe000 of 8192 bytes failed: Only part of a ReadProcessMemory or WriteProcessMemory request was completed. (0x12B)
[0319/172204.495:ERROR:process_memory_win.cc(73)] ReadMemory at 0x767e1fc000 of 16384 bytes failed: Only part of a ReadProcessMemory or WriteProcessMemory request was completed. (0x12B)
[0319/172204.495:ERROR:process_memory_win.cc(73)] ReadMemory at 0x767e3fe000 of 8192 bytes failed: Only part of a ReadProcessMemory or WriteProcessMemory request was completed. (0x12B)
[0319/172204.495:ERROR:process_memory_win.cc(73)] ReadMemory at 0x767e5fd000 of 12288 bytes failed: Only part of a ReadProcessMemory or WriteProcessMemory request was completed. (0x12B)
[0319/172204.495:ERROR:process_memory_win.cc(73)] ReadMemory at 0x767e7fc000 of 16384 bytes failed: Only part of a ReadProcessMemory or WriteProcessMemory request was completed. (0x12B)
[0319/172204.495:ERROR:process_memory_win.cc(73)] ReadMemory at 0x767e9ea000 of 90112 bytes failed: Only part of a ReadProcessMemory or WriteProcessMemory request was completed. (0x12B)
[0319/172204.495:ERROR:process_memory_win.cc(73)] ReadMemory at 0x767ebea000 of 90112 bytes failed: Only part of a ReadProcessMemory or WriteProcessMemory request was completed. (0x12B)
[0319/172204.496:ERROR:process_memory_win.cc(73)] ReadMemory at 0x767edfe000 of 8192 bytes failed: Only part of a ReadProcessMemory or WriteProcessMemory request was completed. (0x12B)
[0319/172204.496:ERROR:process_memory_win.cc(73)] ReadMemory at 0x767f5fa000 of 24576 bytes failed: Only part of a ReadProcessMemory or WriteProcessMemory request was completed. (0x12B)
[0319/172204.496:ERROR:process_memory_win.cc(73)] ReadMemory at 0x767fbfd000 of 12288 bytes failed: Only part of a ReadProcessMemory or WriteProcessMemory request was completed. (0x12B)
[0319/172204.496:ERROR:process_memory_win.cc(73)] ReadMemory at 0x767fdf6000 of 40960 bytes failed: Only part of a ReadProcessMemory or WriteProcessMemory request was completed. (0x12B)
[0319/172204.496:ERROR:process_memory_win.cc(73)] ReadMemory at 0x767fffe000 of 8192 bytes failed: Only part of a ReadProcessMemory or WriteProcessMemory request was completed. (0x12B)
[0319/172204.496:ERROR:process_memory_win.cc(73)] ReadMemory at 0x767dbfc000 of 16384 bytes failed: Only part of a ReadProcessMemory or WriteProcessMemory request was completed. (0x12B)
[0319/172204.496:ERROR:process_memory_win.cc(73)] ReadMemory at 0x767d9fe000 of 8192 bytes failed: Only part of a ReadProcessMemory or WriteProcessMemory request was completed. (0x12B)
[0319/172204.496:ERROR:process_memory_win.cc(73)] ReadMemory at 0x767efff000 of 4096 bytes failed: Only part of a ReadProcessMemory or WriteProcessMemory request was completed. (0x12B)
[0319/172204.496:ERROR:process_memory_win.cc(73)] ReadMemory at 0x767d2f7000 of 852 bytes failed: Only part of a ReadProcessMemory or WriteProcessMemory request was completed. (0x12B)
[0319/172204.507:ERROR:process_memory_win.cc(73)] ReadMemory at 0x767d2f8000 of 6024 bytes failed: Only part of a ReadProcessMemory or WriteProcessMemory request was completed. (0x12B)
[0319/172204.507:ERROR:process_memory_win.cc(73)] ReadMemory at 0x767d2fa000 of 6024 bytes failed: Only part of a ReadProcessMemory or WriteProcessMemory request was completed. (0x12B)
[0319/172204.507:ERROR:process_memory_win.cc(73)] ReadMemory at 0x767d300000 of 6024 bytes failed: Only part of a ReadProcessMemory or WriteProcessMemory request was completed. (0x12B)
[0319/172204.507:ERROR:process_memory_win.cc(73)] ReadMemory at 0x767d302000 of 6024 bytes failed: Only part of a ReadProcessMemory or WriteProcessMemory request was completed. (0x12B)
[0319/172204.507:ERROR:process_memory_win.cc(73)] ReadMemory at 0x767d304000 of 6024 bytes failed: Only part of a ReadProcessMemory or WriteProcessMemory request was completed. (0x12B)
[0319/172204.507:ERROR:process_memory_win.cc(73)] ReadMemory at 0x767d306000 of 6024 bytes failed: Only part of a ReadProcessMemory or WriteProcessMemory request was completed. (0x12B)
[0319/172204.507:ERROR:process_memory_win.cc(73)] ReadMemory at 0x767d308000 of 6024 bytes failed: Only part of a ReadProcessMemory or WriteProcessMemory request was completed. (0x12B)
[0319/172204.507:ERROR:process_memory_win.cc(73)] ReadMemory at 0x767d30a000 of 6024 bytes failed: Only part of a ReadProcessMemory or WriteProcessMemory request was completed. (0x12B)
[0319/172204.507:ERROR:process_memory_win.cc(73)] ReadMemory at 0x767d30c000 of 6024 bytes failed: Only part of a ReadProcessMemory or WriteProcessMemory request was completed. (0x12B)
[0319/172204.507:ERROR:process_memory_win.cc(73)] ReadMemory at 0x767d30e000 of 6024 bytes failed: Only part of a ReadProcessMemory or WriteProcessMemory request was completed. (0x12B)
[0319/172204.507:ERROR:process_memory_win.cc(73)] ReadMemory at 0x767d310000 of 6024 bytes failed: Only part of a ReadProcessMemory or WriteProcessMemory request was completed. (0x12B)
[0319/172204.508:ERROR:process_memory_win.cc(73)] ReadMemory at 0x767d318000 of 6024 bytes failed: Only part of a ReadProcessMemory or WriteProcessMemory request was completed. (0x12B)
[0319/172204.508:ERROR:process_memory_win.cc(73)] ReadMemory at 0x767d320000 of 6024 bytes failed: Only part of a ReadProcessMemory or WriteProcessMemory request was completed. (0x12B)
[0319/172204.508:ERROR:process_memory_win.cc(73)] ReadMemory at 0x767d322000 of 6024 bytes failed: Only part of a ReadProcessMemory or WriteProcessMemory request was completed. (0x12B)
[0319/172204.508:ERROR:process_memory_win.cc(73)] ReadMemory at 0x767d324000 of 6024 bytes failed: Only part of a ReadProcessMemory or WriteProcessMemory request was completed. (0x12B)
[0319/172204.508:ERROR:process_memory_win.cc(73)] ReadMemory at 0x767d328000 of 6024 bytes failed: Only part of a ReadProcessMemory or WriteProcessMemory request was completed. (0x12B)
[0319/172204.508:ERROR:process_memory_win.cc(73)] ReadMemory at 0x767d32a000 of 6024 bytes failed: Only part of a ReadProcessMemory or WriteProcessMemory request was completed. (0x12B)
[0319/172204.508:ERROR:process_memory_win.cc(73)] ReadMemory at 0x767d32c000 of 6024 bytes failed: Only part of a ReadProcessMemory or WriteProcessMemory request was completed. (0x12B)
[0319/172204.508:ERROR:process_memory_win.cc(73)] ReadMemory at 0x1b59c1f0750 of 62 bytes failed: Only part of a ReadProcessMemory or WriteProcessMemory request was completed. (0x12B)
[0319/172204.508:ERROR:process_memory_win.cc(73)] ReadMemory at 0x1b59c1f0fe0 of 23520 bytes failed: Only part of a ReadProcessMemory or WriteProcessMemory request was completed. (0x12B)
[0319/172204.508:ERROR:process_memory_win.cc(73)] ReadMemory at 0x1b59c1f6bd0 of 1012 bytes failed: Only part of a ReadProcessMemory or WriteProcessMemory request was completed. (0x12B)
[0319/172204.509:ERROR:process_memory_win.cc(73)] ReadMemory at 0x1b59c1f71f8 of 118 bytes failed: Only part of a ReadProcessMemory or WriteProcessMemory request was completed. (0x12B)
[0319/172204.509:ERROR:process_memory_win.cc(73)] ReadMemory at 0x1b59c1f7270 of 1164 bytes failed: Only part of a ReadProcessMemory or WriteProcessMemory request was completed. (0x12B)
[0319/172204.509:ERROR:process_memory_win.cc(73)] ReadMemory at 0x1b59c1f76fe of 118 bytes failed: Only part of a ReadProcessMemory or WriteProcessMemory request was completed. (0x12B)
[0319/172204.509:ERROR:process_memory_win.cc(73)] ReadMemory at 0x1b59c1f7776 of 98 bytes failed: Only part of a ReadProcessMemory or WriteProcessMemory request was completed. (0x12B)
[0319/172204.509:ERROR:process_memory_win.cc(73)] ReadMemory at 0x1b59c1f77f0 of 58 bytes failed: Only part of a ReadProcessMemory or WriteProcessMemory request was completed. (0x12B)
[0319/172204.509:ERROR:process_memory_win.cc(73)] ReadMemory at 0x1b59c1f78f0 of 132 bytes failed: Only part of a ReadProcessMemory or WriteProcessMemory request was completed. (0x12B)
[0319/172204.509:ERROR:process_memory_win.cc(73)] ReadMemory at 0x1b59c1f7a80 of 132 bytes failed: Only part of a ReadProcessMemory or WriteProcessMemory request was completed. (0x12B)
[0319/172204.509:ERROR:process_memory_win.cc(73)] ReadMemory at 0x1b59c1f7c40 of 126 bytes failed: Only part of a ReadProcessMemory or WriteProcessMemory request was completed. (0x12B)
[0319/172204.509:ERROR:process_memory_win.cc(73)] ReadMemory at 0x1b59c1f8020 of 132 bytes failed: Only part of a ReadProcessMemory or WriteProcessMemory request was completed. (0x12B)
[0319/172204.509:ERROR:process_memory_win.cc(73)] ReadMemory at 0x1b59c1f81b0 of 64 bytes failed: Only part of a ReadProcessMemory or WriteProcessMemory request was completed. (0x12B)
[0319/172204.509:ERROR:process_memory_win.cc(73)] ReadMemory at 0x1b59c1f8310 of 132 bytes failed: Only part of a ReadProcessMemory or WriteProcessMemory request was completed. (0x12B)
[0319/172204.510:ERROR:process_memory_win.cc(73)] ReadMemory at 0x1b59c1f84a0 of 62 bytes failed: Only part of a ReadProcessMemory or WriteProcessMemory request was completed. (0x12B)
[0319/172204.510:ERROR:process_memory_win.cc(73)] ReadMemory at 0x1b59c1f8610 of 132 bytes failed: Only part of a ReadProcessMemory or WriteProcessMemory request was completed. (0x12B)
[0319/172204.510:ERROR:process_memory_win.cc(73)] ReadMemory at 0x1b59c1f87a0 of 68 bytes failed: Only part of a ReadProcessMemory or WriteProcessMemory request was completed. (0x12B)
[0319/172204.510:ERROR:process_memory_win.cc(73)] ReadMemory at 0x1b59c1fc990 of 132 bytes failed: Only part of a ReadProcessMemory or WriteProcessMemory request was completed. (0x12B)
[0319/172204.510:ERROR:process_memory_win.cc(73)] ReadMemory at 0x1b59c1fcbd0 of 132 bytes failed: Only part of a ReadProcessMemory or WriteProcessMemory request was completed. (0x12B)
[0319/172204.510:ERROR:process_memory_win.cc(73)] ReadMemory at 0x1b59c1fcd60 of 62 bytes failed: Only part of a ReadProcessMemory or WriteProcessMemory request was completed. (0x12B)
[0319/172204.510:ERROR:process_memory_win.cc(73)] ReadMemory at 0x1b59c1fe500 of 132 bytes failed: Only part of a ReadProcessMemory or WriteProcessMemory request was completed. (0x12B)
[0319/172204.510:ERROR:process_memory_win.cc(73)] ReadMemory at 0x1b59c1fe690 of 60 bytes failed: Only part of a ReadProcessMemory or WriteProcessMemory request was completed. (0x12B)
[0319/172204.510:ERROR:process_memory_win.cc(73)] ReadMemory at 0x1b59c1fe6e0 of 158 bytes failed: Only part of a ReadProcessMemory or WriteProcessMemory request was completed. (0x12B)
[0319/172204.510:ERROR:process_memory_win.cc(73)] ReadMemory at 0x1b59c1fe8e0 of 132 bytes failed: Only part of a ReadProcessMemory or WriteProcessMemory request was completed. (0x12B)
[0319/172204.510:ERROR:process_memory_win.cc(73)] ReadMemory at 0x1b59c1fea70 of 64 bytes failed: Only part of a ReadProcessMemory or WriteProcessMemory request was completed. (0x12B)
[0319/172204.510:ERROR:process_memory_win.cc(73)] ReadMemory at 0x1b59c1fecf0 of 132 bytes failed: Only part of a ReadProcessMemory or WriteProcessMemory request was completed. (0x12B)
[0319/172204.510:ERROR:process_memory_win.cc(73)] ReadMemory at 0x1b59c1fee80 of 64 bytes failed: Only part of a ReadProcessMemory or WriteProcessMemory request was completed. (0x12B)
[0319/172204.510:ERROR:process_memory_win.cc(73)] ReadMemory at 0x1b59c1ff0e0 of 132 bytes failed: Only part of a ReadProcessMemory or WriteProcessMemory request was completed. (0x12B)
[0319/172204.511:ERROR:process_memory_win.cc(73)] ReadMemory at 0x1b59c1ff270 of 60 bytes failed: Only part of a ReadProcessMemory or WriteProcessMemory request was completed. (0x12B)
[0319/172204.511:ERROR:process_memory_win.cc(73)] ReadMemory at 0x1b59c1ff580 of 132 bytes failed: Only part of a ReadProcessMemory or WriteProcessMemory request was completed. (0x12B)
[0319/172204.511:ERROR:process_memory_win.cc(73)] ReadMemory at 0x1b59c1ff710 of 60 bytes failed: Only part of a ReadProcessMemory or WriteProcessMemory request was completed. (0x12B)
[0319/172204.511:ERROR:process_memory_win.cc(73)] ReadMemory at 0x1b59c1ff950 of 132 bytes failed: Only part of a ReadProcessMemory or WriteProcessMemory request was completed. (0x12B)
[0319/172204.511:ERROR:process_memory_win.cc(73)] ReadMemory at 0x1b59c202240 of 132 bytes failed: Only part of a ReadProcessMemory or WriteProcessMemory request was completed. (0x12B)
[0319/172204.511:ERROR:process_memory_win.cc(73)] ReadMemory at 0x1b59c202420 of 80 bytes failed: Only part of a ReadProcessMemory or WriteProcessMemory request was completed. (0x12B)
[0319/172204.511:ERROR:process_memory_win.cc(73)] ReadMemory at 0x1b59c202540 of 78 bytes failed: Only part of a ReadProcessMemory or WriteProcessMemory request was completed. (0x12B)
[0319/172204.511:ERROR:process_memory_win.cc(73)] ReadMemory at 0x1b59c202b40 of 76 bytes failed: Only part of a ReadProcessMemory or WriteProcessMemory request was completed. (0x12B)
[0319/172204.511:ERROR:process_memory_win.cc(73)] ReadMemory at 0x1b59c203170 of 132 bytes failed: Only part of a ReadProcessMemory or WriteProcessMemory request was completed. (0x12B)
[0319/172204.511:ERROR:process_memory_win.cc(73)] ReadMemory at 0x1b59c203400 of 246 bytes failed: Only part of a ReadProcessMemory or WriteProcessMemory request was completed. (0x12B)
[0319/172204.511:ERROR:process_memory_win.cc(73)] ReadMemory at 0x1b59c203ab0 of 132 bytes failed: Only part of a ReadProcessMemory or WriteProcessMemory request was completed. (0x12B)
[0319/172204.511:ERROR:process_memory_win.cc(73)] ReadMemory at 0x1b59c203be0 of 66 bytes failed: Only part of a ReadProcessMemory or WriteProcessMemory request was completed. (0x12B)
[0319/172204.511:ERROR:process_memory_win.cc(73)] ReadMemory at 0x1b59c203e20 of 132 bytes failed: Only part of a ReadProcessMemory or WriteProcessMemory request was completed. (0x12B)
[0319/172204.511:ERROR:process_memory_win.cc(73)] ReadMemory at 0x1b59c204090 of 62 bytes failed: Only part of a ReadProcessMemory or WriteProcessMemory request was completed. (0x12B)
[0319/172204.512:ERROR:process_memory_win.cc(73)] ReadMemory at 0x1b59c2040e0 of 64 bytes failed: Only part of a ReadProcessMemory or WriteProcessMemory request was completed. (0x12B)
[0319/172204.512:ERROR:process_memory_win.cc(73)] ReadMemory at 0x1b59c204130 of 58 bytes failed: Only part of a ReadProcessMemory or WriteProcessMemory request was completed. (0x12B)
[0319/172204.512:ERROR:process_memory_win.cc(73)] ReadMemory at 0x1b59c204180 of 60 bytes failed: Only part of a ReadProcessMemory or WriteProcessMemory request was completed. (0x12B)
[0319/172204.512:ERROR:process_memory_win.cc(73)] ReadMemory at 0x1b59c2041d0 of 62 bytes failed: Only part of a ReadProcessMemory or WriteProcessMemory request was completed. (0x12B)
[0319/172204.512:ERROR:process_memory_win.cc(73)] ReadMemory at 0x1b59c204220 of 60 bytes failed: Only part of a ReadProcessMemory or WriteProcessMemory request was completed. (0x12B)
[0319/172204.512:ERROR:process_memory_win.cc(73)] ReadMemory at 0x1b59c204270 of 62 bytes failed: Only part of a ReadProcessMemory or WriteProcessMemory request was completed. (0x12B)
[0319/172204.512:ERROR:process_memory_win.cc(73)] ReadMemory at 0x1b59c204360 of 62 bytes failed: Only part of a ReadProcessMemory or WriteProcessMemory request was completed. (0x12B)
[0319/172204.512:ERROR:process_memory_win.cc(73)] ReadMemory at 0x1b59c204400 of 58 bytes failed: Only part of a ReadProcessMemory or WriteProcessMemory request was completed. (0x12B)
[0319/172204.512:ERROR:process_memory_win.cc(73)] ReadMemory at 0x1b59c204450 of 64 bytes failed: Only part of a ReadProcessMemory or WriteProcessMemory request was completed. (0x12B)
[0319/172204.512:ERROR:process_memory_win.cc(73)] ReadMemory at 0x1b59c2044f0 of 62 bytes failed: Only part of a ReadProcessMemory or WriteProcessMemory request was completed. (0x12B)
[0319/172204.512:ERROR:process_memory_win.cc(73)] ReadMemory at 0x1b59c204540 of 66 bytes failed: Only part of a ReadProcessMemory or WriteProcessMemory request was completed. (0x12B)
[0319/172204.512:ERROR:process_memory_win.cc(73)] ReadMemory at 0x1b59c204590 of 62 bytes failed: Only part of a ReadProcessMemory or WriteProcessMemory request was completed. (0x12B)
[0319/172204.512:ERROR:process_memory_win.cc(73)] ReadMemory at 0x1b59c2045e0 of 58 bytes failed: Only part of a ReadProcessMemory or WriteProcessMemory request was completed. (0x12B)
[0319/172204.512:ERROR:process_memory_win.cc(73)] ReadMemory at 0x1b59c2058c0 of 132 bytes failed: Only part of a ReadProcessMemory or WriteProcessMemory request was completed. (0x12B)
[0319/172204.513:ERROR:process_memory_win.cc(73)] ReadMemory at 0x1b59c2059f0 of 132 bytes failed: Only part of a ReadProcessMemory or WriteProcessMemory request was completed. (0x12B)
[0319/172204.513:ERROR:process_memory_win.cc(73)] ReadMemory at 0x1b59c205b20 of 132 bytes failed: Only part of a ReadProcessMemory or WriteProcessMemory request was completed. (0x12B)
[0319/172204.513:ERROR:process_memory_win.cc(73)] ReadMemory at 0x1b59c205c50 of 132 bytes failed: Only part of a ReadProcessMemory or WriteProcessMemory request was completed. (0x12B)
[0319/172204.513:ERROR:process_memory_win.cc(73)] ReadMemory at 0x1b59c205d80 of 132 bytes failed: Only part of a ReadProcessMemory or WriteProcessMemory request was completed. (0x12B)
[0319/172204.513:ERROR:process_memory_win.cc(73)] ReadMemory at 0x1b59c205eb0 of 132 bytes failed: Only part of a ReadProcessMemory or WriteProcessMemory request was completed. (0x12B)
[0319/172204.513:ERROR:process_memory_win.cc(73)] ReadMemory at 0x1b59c205fe0 of 132 bytes failed: Only part of a ReadProcessMemory or WriteProcessMemory request was completed. (0x12B)
[0319/172204.731:ERROR:process_memory_win.cc(73)] ReadMemory at 0x1b59c206110 of 132 bytes failed: Only part of a ReadProcessMemory or WriteProcessMemory request was completed. (0x12B)
[0319/172204.731:ERROR:process_memory_win.cc(73)] ReadMemory at 0x1b59c206240 of 132 bytes failed: Only part of a ReadProcessMemory or WriteProcessMemory request was completed. (0x12B)
[0319/172204.775:ERROR:process_memory_win.cc(73)] ReadMemory at 0x1b59c206370 of 132 bytes failed: Only part of a ReadProcessMemory or WriteProcessMemory request was completed. (0x12B)
[0319/172204.775:ERROR:process_memory_win.cc(73)] ReadMemory at 0x1b59c2064a0 of 132 bytes failed: Only part of a ReadProcessMemory or WriteProcessMemory request was completed. (0x12B)
[0319/172204.775:ERROR:process_memory_win.cc(73)] ReadMemory at 0x1b59c2065d0 of 132 bytes failed: Only part of a ReadProcessMemory or WriteProcessMemory request was completed. (0x12B)
[0319/172204.776:ERROR:process_memory_win.cc(73)] ReadMemory at 0x1b59c206700 of 132 bytes failed: Only part of a ReadProcessMemory or WriteProcessMemory request was completed. (0x12B)
[0319/172204.776:ERROR:process_memory_win.cc(73)] ReadMemory at 0x1b59c208060 of 132 bytes failed: Only part of a ReadProcessMemory or WriteProcessMemory request was completed. (0x12B)
[0319/172204.776:ERROR:process_memory_win.cc(73)] ReadMemory at 0x1b59c208190 of 132 bytes failed: Only part of a ReadProcessMemory or WriteProcessMemory request was completed. (0x12B)
[0319/172204.776:ERROR:process_memory_win.cc(73)] ReadMemory at 0x1b59c2082c0 of 132 bytes failed: Only part of a ReadProcessMemory or WriteProcessMemory request was completed. (0x12B)
[0319/172204.777:ERROR:process_memory_win.cc(73)] ReadMemory at 0x1b59c2083f0 of 132 bytes failed: Only part of a ReadProcessMemory or WriteProcessMemory request was completed. (0x12B)
[0319/172204.777:ERROR:process_memory_win.cc(73)] ReadMemory at 0x1b59c208520 of 132 bytes failed: Only part of a ReadProcessMemory or WriteProcessMemory request was completed. (0x12B)
[0319/172204.777:ERROR:process_memory_win.cc(73)] ReadMemory at 0x1b59c208650 of 132 bytes failed: Only part of a ReadProcessMemory or WriteProcessMemory request was completed. (0x12B)
[0319/172204.777:ERROR:process_memory_win.cc(73)] ReadMemory at 0x1b59c2088b0 of 132 bytes failed: Only part of a ReadProcessMemory or WriteProcessMemory request was completed. (0x12B)
[0319/172204.808:ERROR:process_memory_win.cc(73)] ReadMemory at 0x1b59c2089e0 of 132 bytes failed: Only part of a ReadProcessMemory or WriteProcessMemory request was completed. (0x12B)
[0319/172204.808:ERROR:process_memory_win.cc(73)] ReadMemory at 0x1b59c208b10 of 132 bytes failed: Only part of a ReadProcessMemory or WriteProcessMemory request was completed. (0x12B)
[0319/172204.808:ERROR:process_memory_win.cc(73)] ReadMemory at 0x1b59c208c40 of 132 bytes failed: Only part of a ReadProcessMemory or WriteProcessMemory request was completed. (0x12B)
[0319/172204.808:ERROR:process_memory_win.cc(73)] ReadMemory at 0x1b59c208d70 of 132 bytes failed: Only part of a ReadProcessMemory or WriteProcessMemory request was completed. (0x12B)
[0319/172204.808:ERROR:process_memory_win.cc(73)] ReadMemory at 0x1b59c208ea0 of 132 bytes failed: Only part of a ReadProcessMemory or WriteProcessMemory request was completed. (0x12B)
[0319/172204.808:ERROR:process_memory_win.cc(73)] ReadMemory at 0x1b59c208fd0 of 132 bytes failed: Only part of a ReadProcessMemory or WriteProcessMemory request was completed. (0x12B)
[0319/172204.808:ERROR:process_memory_win.cc(73)] ReadMemory at 0x1b59c209100 of 132 bytes failed: Only part of a ReadProcessMemory or WriteProcessMemory request was completed. (0x12B)
[0319/172204.809:ERROR:process_memory_win.cc(73)] ReadMemory at 0x1b59c209230 of 132 bytes failed: Only part of a ReadProcessMemory or WriteProcessMemory request was completed. (0x12B)
[0319/172204.809:ERROR:process_memory_win.cc(73)] ReadMemory at 0x1b59c209360 of 132 bytes failed: Only part of a ReadProcessMemory or WriteProcessMemory request was completed. (0x12B)
[0319/172204.809:ERROR:process_memory_win.cc(73)] ReadMemory at 0x1b59c209490 of 132 bytes failed: Only part of a ReadProcessMemory or WriteProcessMemory request was completed. (0x12B)
[0319/172204.809:ERROR:process_memory_win.cc(73)] ReadMemory at 0x1b59c2095c0 of 132 bytes failed: Only part of a ReadProcessMemory or WriteProcessMemory request was completed. (0x12B)
[0319/172204.809:ERROR:process_memory_win.cc(73)] ReadMemory at 0x1b59c2096f0 of 132 bytes failed: Only part of a ReadProcessMemory or WriteProcessMemory request was completed. (0x12B)
[0319/172204.809:ERROR:process_memory_win.cc(73)] ReadMemory at 0x1b59c209820 of 132 bytes failed: Only part of a ReadProcessMemory or WriteProcessMemory request was completed. (0x12B)
[0319/172204.809:ERROR:process_memory_win.cc(73)] ReadMemory at 0x1b59c209950 of 132 bytes failed: Only part of a ReadProcessMemory or WriteProcessMemory request was completed. (0x12B)
[0319/172204.809:ERROR:process_memory_win.cc(73)] ReadMemory at 0x1b59c209a80 of 132 bytes failed: Only part of a ReadProcessMemory or WriteProcessMemory request was completed. (0x12B)
[0319/172204.809:ERROR:process_memory_win.cc(73)] ReadMemory at 0x1b59c209bb0 of 132 bytes failed: Only part of a ReadProcessMemory or WriteProcessMemory request was completed. (0x12B)
[0319/172204.809:ERROR:process_memory_win.cc(73)] ReadMemory at 0x1b59c209e10 of 132 bytes failed: Only part of a ReadProcessMemory or WriteProcessMemory request was completed. (0x12B)
[0319/172204.809:ERROR:process_memory_win.cc(73)] ReadMemory at 0x1b59c20a020 of 154 bytes failed: Only part of a ReadProcessMemory or WriteProcessMemory request was completed. (0x12B)
[0319/172204.809:ERROR:process_memory_win.cc(73)] ReadMemory at 0x1b59c20e050 of 66 bytes failed: Only part of a ReadProcessMemory or WriteProcessMemory request was completed. (0x12B)
[0319/172204.809:ERROR:process_memory_win.cc(73)] ReadMemory at 0x1b59c20e0a0 of 62 bytes failed: Only part of a ReadProcessMemory or WriteProcessMemory request was completed. (0x12B)
[0319/172204.809:ERROR:process_memory_win.cc(73)] ReadMemory at 0x1b59c20eaa0 of 58 bytes failed: Only part of a ReadProcessMemory or WriteProcessMemory request was completed. (0x12B)
[0319/172204.810:ERROR:process_memory_win.cc(73)] ReadMemory at 0x1b59c20ef00 of 66 bytes failed: Only part of a ReadProcessMemory or WriteProcessMemory request was completed. (0x12B)
[0319/172204.846:ERROR:process_memory_win.cc(73)] ReadMemory at 0x1b59c21cdb0 of 54 bytes failed: Only part of a ReadProcessMemory or WriteProcessMemory request was completed. (0x12B)
[0319/172204.864:ERROR:process_memory_win.cc(73)] ReadMemory at 0x1b59c21d9a0 of 64 bytes failed: Only part of a ReadProcessMemory or WriteProcessMemory request was completed. (0x12B)
[0319/172204.864:ERROR:process_memory_win.cc(73)] ReadMemory at 0x1b59c21dae0 of 60 bytes failed: Only part of a ReadProcessMemory or WriteProcessMemory request was completed. (0x12B)
[0319/172204.864:ERROR:process_memory_win.cc(73)] ReadMemory at 0x1b59c21dbd0 of 62 bytes failed: Only part of a ReadProcessMemory or WriteProcessMemory request was completed. (0x12B)
[0319/172204.864:ERROR:process_memory_win.cc(73)] ReadMemory at 0x1b59c21dc20 of 60 bytes failed: Only part of a ReadProcessMemory or WriteProcessMemory request was completed. (0x12B)
[0319/172204.864:ERROR:process_memory_win.cc(73)] ReadMemory at 0x1b59c21dd60 of 64 bytes failed: Only part of a ReadProcessMemory or WriteProcessMemory request was completed. (0x12B)
[0319/172204.865:ERROR:process_memory_win.cc(73)] ReadMemory at 0x1b59c21de00 of 64 bytes failed: Only part of a ReadProcessMemory or WriteProcessMemory request was completed. (0x12B)
[0319/172204.865:ERROR:process_memory_win.cc(73)] ReadMemory at 0x1b59c21de50 of 56 bytes failed: Only part of a ReadProcessMemory or WriteProcessMemory request was completed. (0x12B)
[0319/172204.865:ERROR:process_memory_win.cc(73)] ReadMemory at 0x1b59c21dea0 of 64 bytes failed: Only part of a ReadProcessMemory or WriteProcessMemory request was completed. (0x12B)
[0319/172204.865:ERROR:process_memory_win.cc(73)] ReadMemory at 0x1b59c21def0 of 62 bytes failed: Only part of a ReadProcessMemory or WriteProcessMemory request was completed. (0x12B)
[0319/172204.866:ERROR:process_memory_win.cc(73)] ReadMemory at 0x1b59c21df90 of 64 bytes failed: Only part of a ReadProcessMemory or WriteProcessMemory request was completed. (0x12B)
[0319/172204.866:ERROR:process_memory_win.cc(73)] ReadMemory at 0x1b59c21e080 of 64 bytes failed: Only part of a ReadProcessMemory or WriteProcessMemory request was completed. (0x12B)
[0319/172204.922:ERROR:process_memory_win.cc(73)] ReadMemory at 0x1b59c21e210 of 60 bytes failed: Only part of a ReadProcessMemory or WriteProcessMemory request was completed. (0x12B)
[0319/172204.922:ERROR:process_memory_win.cc(73)] ReadMemory at 0x1b59c21e260 of 58 bytes failed: Only part of a ReadProcessMemory or WriteProcessMemory request was completed. (0x12B)
[0319/172204.922:ERROR:process_memory_win.cc(73)] ReadMemory at 0x1b59c21e3a0 of 60 bytes failed: Only part of a ReadProcessMemory or WriteProcessMemory request was completed. (0x12B)
[0319/172204.925:ERROR:process_memory_win.cc(73)] ReadMemory at 0x1b59c21e3f0 of 60 bytes failed: Only part of a ReadProcessMemory or WriteProcessMemory request was completed. (0x12B)
[0319/172204.925:ERROR:process_memory_win.cc(73)] ReadMemory at 0x1b59c21e440 of 62 bytes failed: Only part of a ReadProcessMemory or WriteProcessMemory request was completed. (0x12B)
[0319/172204.925:ERROR:process_memory_win.cc(73)] ReadMemory at 0x1b59c21e490 of 60 bytes failed: Only part of a ReadProcessMemory or WriteProcessMemory request was completed. (0x12B)
[0319/172204.925:ERROR:process_memory_win.cc(73)] ReadMemory at 0x1b59c21e4e0 of 64 bytes failed: Only part of a ReadProcessMemory or WriteProcessMemory request was completed. (0x12B)
[0319/172204.925:ERROR:process_memory_win.cc(73)] ReadMemory at 0x1b59c21e530 of 62 bytes failed: Only part of a ReadProcessMemory or WriteProcessMemory request was completed. (0x12B)
[0319/172204.925:ERROR:process_memory_win.cc(73)] ReadMemory at 0x1b59c21e5d0 of 62 bytes failed: Only part of a ReadProcessMemory or WriteProcessMemory request was completed. (0x12B)
[0319/172204.925:ERROR:process_memory_win.cc(73)] ReadMemory at 0x1b59c21e620 of 58 bytes failed: Only part of a ReadProcessMemory or WriteProcessMemory request was completed. (0x12B)
[0319/172204.925:ERROR:process_memory_win.cc(73)] ReadMemory at 0x1b59c223190 of 512 bytes failed: Only part of a ReadProcessMemory or WriteProcessMemory request was completed. (0x12B)
[0319/172204.925:ERROR:process_memory_win.cc(73)] ReadMemory at 0x1b59c223b00 of 132 bytes failed: Only part of a ReadProcessMemory or WriteProcessMemory request was completed. (0x12B)
[0319/172204.925:ERROR:process_memory_win.cc(73)] ReadMemory at 0x1b59c224350 of 132 bytes failed: Only part of a ReadProcessMemory or WriteProcessMemory request was completed. (0x12B)
[0319/172204.926:ERROR:process_memory_win.cc(73)] ReadMemory at 0x1b59c224f30 of 132 bytes failed: Only part of a ReadProcessMemory or WriteProcessMemory request was completed. (0x12B)
[0319/172204.937:ERROR:process_memory_win.cc(73)] ReadMemory at 0x1b59c225060 of 132 bytes failed: Only part of a ReadProcessMemory or WriteProcessMemory request was completed. (0x12B)
[0319/172204.937:ERROR:process_memory_win.cc(73)] ReadMemory at 0x1b59c225190 of 132 bytes failed: Only part of a ReadProcessMemory or WriteProcessMemory request was completed. (0x12B)
[0319/172205.106:ERROR:process_memory_win.cc(73)] ReadMemory at 0x1b59c236e00 of 512 bytes failed: Only part of a ReadProcessMemory or WriteProcessMemory request was completed. (0x12B)
[0319/172205.106:ERROR:process_memory_win.cc(73)] ReadMemory at 0x1b59c902660 of 512 bytes failed: Only part of a ReadProcessMemory or WriteProcessMemory request was completed. (0x12B)
[0319/172205.107:ERROR:process_memory_win.cc(73)] ReadMemory at 0x1b59c91b360 of 512 bytes failed: Only part of a ReadProcessMemory or WriteProcessMemory request was completed. (0x12B)
[0319/172205.107:ERROR:process_memory_win.cc(73)] ReadMemory at 0x1b59c92a870 of 512 bytes failed: Only part of a ReadProcessMemory or WriteProcessMemory request was completed. (0x12B)
[0319/172205.107:ERROR:process_memory_win.cc(73)] ReadMemory at 0x1b59c93b350 of 696 bytes failed: Only part of a ReadProcessMemory or WriteProcessMemory request was completed. (0x12B)
[0319/172205.107:ERROR:process_memory_win.cc(73)] ReadMemory at 0x1b59c93bec0 of 512 bytes failed: Only part of a ReadProcessMemory or WriteProcessMemory request was completed. (0x12B)
[0319/172205.183:ERROR:process_memory_win.cc(73)] ReadMemory at 0x1b59c9440f0 of 512 bytes failed: Only part of a ReadProcessMemory or WriteProcessMemory request was completed. (0x12B)
[0319/172205.183:ERROR:process_memory_win.cc(73)] ReadMemory at 0x1b59e840000 of 384 bytes failed: Only part of a ReadProcessMemory or WriteProcessMemory request was completed. (0x12B)
[0319/172205.251:ERROR:process_memory_win.cc(73)] ReadMemory at 0x1b59e8c2160 of 704 bytes failed: Only part of a ReadProcessMemory or WriteProcessMemory request was completed. (0x12B)
[0319/172205.252:ERROR:process_memory_win.cc(73)] ReadMemory at 0x1b59e8c58b0 of 512 bytes failed: Only part of a ReadProcessMemory or WriteProcessMemory request was completed. (0x12B)
[0319/172205.252:ERROR:process_memory_win.cc(73)] ReadMemory at 0x1b59ed1a730 of 512 bytes failed: Only part of a ReadProcessMemory or WriteProcessMemory request was completed. (0x12B)
[0319/172205.252:ERROR:process_memory_win.cc(73)] ReadMemory at 0x1b59fadaf00 of 512 bytes failed: Only part of a ReadProcessMemory or WriteProcessMemory request was completed. (0x12B)
[0319/172205.252:ERROR:process_memory_win.cc(73)] ReadMemory at 0x1b59fadeee0 of 512 bytes failed: Only part of a ReadProcessMemory or WriteProcessMemory request was completed. (0x12B)
[0319/172205.252:ERROR:process_memory_win.cc(73)] ReadMemory at 0x1b59fb70570 of 512 bytes failed: Only part of a ReadProcessMemory or WriteProcessMemory request was completed. (0x12B)
[0319/172205.252:ERROR:process_memory_win.cc(73)] ReadMemory at 0x1b59fc93040 of 512 bytes failed: Only part of a ReadProcessMemory or WriteProcessMemory request was completed. (0x12B)
[0319/172205.253:ERROR:process_memory_win.cc(73)] ReadMemory at 0x1b59fc944c8 of 512 bytes failed: Only part of a ReadProcessMemory or WriteProcessMemory request was completed. (0x12B)
[0319/172205.253:ERROR:process_memory_win.cc(73)] ReadMemory at 0x1b59fe7b637 of 512 bytes failed: Only part of a ReadProcessMemory or WriteProcessMemory request was completed. (0x12B)
[0319/172205.253:ERROR:process_memory_win.cc(73)] ReadMemory at 0x1b5a02a8960 of 512 bytes failed: Only part of a ReadProcessMemory or WriteProcessMemory request was completed. (0x12B)
[0319/172205.253:ERROR:process_memory_win.cc(73)] ReadMemory at 0x1b5a02a90c0 of 512 bytes failed: Only part of a ReadProcessMemory or WriteProcessMemory request was completed. (0x12B)
[0319/172205.253:ERROR:process_memory_win.cc(73)] ReadMemory at 0x1b5a0996f20 of 512 bytes failed: Only part of a ReadProcessMemory or WriteProcessMemory request was completed. (0x12B)
[0319/172205.253:ERROR:process_memory_win.cc(73)] ReadMemory at 0x1b5a0cc2948 of 512 bytes failed: Only part of a ReadProcessMemory or WriteProcessMemory request was completed. (0x12B)
[0319/172205.253:ERROR:process_memory_win.cc(73)] ReadMemory at 0x1b5a1cc9040 of 512 bytes failed: Only part of a ReadProcessMemory or WriteProcessMemory request was completed. (0x12B)
[0319/172205.254:ERROR:process_memory_win.cc(73)] ReadMemory at 0x7ffa2c01e99e of 512 bytes failed: Only part of a ReadProcessMemory or WriteProcessMemory request was completed. (0x12B)
[0319/172205.254:ERROR:process_memory_win.cc(73)] ReadMemory at 0x7ffa2c01fabe of 512 bytes failed: Only part of a ReadProcessMemory or WriteProcessMemory request was completed. (0x12B)
[0319/172205.254:ERROR:process_memory_win.cc(73)] ReadMemory at 0x7ffa30da1648 of 512 bytes failed: Only part of a ReadProcessMemory or WriteProcessMemory request was completed. (0x12B)
[0319/172205.254:ERROR:process_memory_win.cc(73)] ReadMemory at 0x7ffa72f81f80 of 512 bytes failed: Only part of a ReadProcessMemory or WriteProcessMemory request was completed. (0x12B)
[0319/172205.485:ERROR:process_memory_win.cc(73)] ReadMemory at 0x7ffa72ffc6b4 of 512 bytes failed: Only part of a ReadProcessMemory or WriteProcessMemory request was completed. (0x12B)
[0319/172205.756:ERROR:process_memory_win.cc(73)] ReadMemory at 0x7ffa753cfeb0 of 592 bytes failed: Only part of a ReadProcessMemory or WriteProcessMemory request was completed. (0x12B)
[0319/172205.756:ERROR:process_memory_win.cc(73)] ReadMemory at 0x7ffa7541f674 of 672 bytes failed: Only part of a ReadProcessMemory or WriteProcessMemory request was completed. (0x12B)
[0319/172205.756:ERROR:process_memory_win.cc(73)] ReadMemory at 0x7ffa75422f04 of 608 bytes failed: Only part of a ReadProcessMemory or WriteProcessMemory request was completed. (0x12B)
[0319/172205.836:ERROR:process_memory_win.cc(73)] ReadMemory at 0x7ffa754ac0c8 of 18 bytes failed: Only part of a ReadProcessMemory or WriteProcessMemory request was completed. (0x12B)
[0319/172205.836:ERROR:process_memory_win.cc(73)] ReadMemory at 0x7ffa754df4f8 of 40 bytes failed: Only part of a ReadProcessMemory or WriteProcessMemory request was completed. (0x12B)
[0319/172205.836:ERROR:process_memory_win.cc(73)] ReadMemory at 0x7ffa754df978 of 48 bytes failed: Only part of a ReadProcessMemory or WriteProcessMemory request was completed. (0x12B)
[0319/172206.092:ERROR:process_memory_win.cc(73)] ReadMemory at 0x7ffa754e53a0 of 64 bytes failed: Only part of a ReadProcessMemory or WriteProcessMemory request was completed. (0x12B)
[0319/172207.063:ERROR:scoped_process_suspend.cc(40)] NtResumeProcess: An attempt was made to access an exiting process. (0xc000010a)
[0819/223850.766:ERROR:crash_report_database_win.cc(428)] unexpected header
[0819/224712.707:ERROR:crash_report_database_win.cc(428)] unexpected header
[0819/225235.312:ERROR:crash_report_database_win.cc(428)] unexpected header
[0819/235203.762:ERROR:crash_report_database_win.cc(428)] unexpected header
[0819/235708.108:ERROR:crash_report_database_win.cc(428)] unexpected header
[0820/000649.254:ERROR:crash_report_database_win.cc(428)] unexpected header
[0820/001324.617:ERROR:crash_report_database_win.cc(428)] unexpected header
